2025-10-30 17:10:INFO    AT utils_logger.py:105: Logging to file: C:\Users\tiffa\Desktop\Master\Oct25\smart-store-thildebrand\project.log
2025-10-30 17:10:INFO    AT data_prep.py:52: Starting data preparation...
2025-10-30 17:10:INFO    AT data_prep.py:32: Reading raw data from C:\Users\tiffa\Desktop\Master\Oct25\smart-store-thildebrand\data\raw\customers_data.csv.
2025-10-30 17:10:ERROR   AT data_prep.py:40: File not found: C:\Users\tiffa\Desktop\Master\Oct25\smart-store-thildebrand\data\raw\customers_data.csv
2025-10-30 17:10:INFO    AT data_prep.py:32: Reading raw data from C:\Users\tiffa\Desktop\Master\Oct25\smart-store-thildebrand\data\raw\products_data.csv.
2025-10-30 17:10:INFO    AT data_prep.py:35: products_data.csv: loaded DataFrame with shape 100 rows x 4 cols
2025-10-30 17:10:INFO    AT data_prep.py:32: Reading raw data from C:\Users\tiffa\Desktop\Master\Oct25\smart-store-thildebrand\data\raw\sales_data.csv.
2025-10-30 17:10:INFO    AT data_prep.py:35: sales_data.csv: loaded DataFrame with shape 2001 rows x 7 cols
2025-10-30 17:10:INFO    AT data_prep.py:64: Data preparation complete.
2025-10-30 17:13:INFO    AT utils_logger.py:105: Logging to file: C:\Users\tiffa\Desktop\Master\Oct25\smart-store-thildebrand\project.log
2025-10-30 17:13:INFO    AT data_prep.py:52: Starting data preparation...
2025-10-30 17:13:INFO    AT data_prep.py:32: Reading raw data from C:\Users\tiffa\Desktop\Master\Oct25\smart-store-thildebrand\data\raw\customers_data.csv.
2025-10-30 17:13:INFO    AT data_prep.py:35: customers_data.csv: loaded DataFrame with shape 201 rows x 4 cols
2025-10-30 17:13:INFO    AT data_prep.py:32: Reading raw data from C:\Users\tiffa\Desktop\Master\Oct25\smart-store-thildebrand\data\raw\products_data.csv.
2025-10-30 17:13:INFO    AT data_prep.py:35: products_data.csv: loaded DataFrame with shape 100 rows x 4 cols
2025-10-30 17:13:INFO    AT data_prep.py:32: Reading raw data from C:\Users\tiffa\Desktop\Master\Oct25\smart-store-thildebrand\data\raw\sales_data.csv.
2025-10-30 17:13:INFO    AT data_prep.py:35: sales_data.csv: loaded DataFrame with shape 2001 rows x 7 cols
2025-10-30 17:13:INFO    AT data_prep.py:64: Data preparation complete.
=== Record Counts ===
Raw CSV Files:
customers_data.csv: 201 records
products_data.csv: 100 records
sales_data.csv: 2002 records

Prepared CSV Files:
customers_prepared.csv: 201 records
products_prepared.csv: 100 records
sales_prepared.csv: 2000 records

====================

=== Record Counts ===
Raw CSV Files:
customers_data.csv: 203 records
products_data.csv: 102 records
sales_data.csv: 2002 records

Prepared CSV Files:
customers_prepared.csv: 201 records
products_prepared.csv: 100 records
sales_prepared.csv: 2000 records

====================

